<?xml version="1.0" encoding="UTF-8"?>
<!-- Generated by org.testng.reporters.JUnitReportReporter -->
<testsuite hostname="R90TQJMK" failures="0" tests="1" name="WeatherShopperTestScenarios.E2E_Testcase" time="38.592" errors="0" timestamp="2022-01-30T19:33:59 IST" skipped="0">
  <testcase classname="WeatherShopperTestScenarios.E2E_Testcase" name="ExecuteWeathershopper" time="38.592"/>
  <system-out/>
</testsuite> <!-- WeatherShopperTestScenarios.E2E_Testcase -->
