<?xml version="1.0" encoding="UTF-8"?>
<!-- Generated by org.testng.reporters.JUnitReportReporter -->
<testsuite hostname="R90TQJMK" failures="0" tests="1" name="WeatherShopperTestScenarios.E2E_Testcase" time="41.201" errors="0" timestamp="2022-01-30T20:45:01 IST" skipped="0">
  <testcase classname="WeatherShopperTestScenarios.E2E_Testcase" name="ExecuteWeathershopper" time="41.201"/>
  <system-out/>
</testsuite> <!-- WeatherShopperTestScenarios.E2E_Testcase -->
